{"/Users/sam/Desktop/webd/nest/task-management/src/app.module.ts": {"path":"/Users/sam/Desktop/webd/nest/task-management/src/app.module.ts","statementMap":{"0":{"start":{"line":1,"column":0},"end":{"line":1,"column":40}},"1":{"start":{"line":2,"column":0},"end":{"line":2,"column":48}},"2":{"start":{"line":3,"column":0},"end":{"line":3,"column":51}},"3":{"start":{"line":4,"column":0},"end":{"line":4,"column":48}},"4":{"start":{"line":5,"column":0},"end":{"line":5,"column":61}},"5":{"start":{"line":6,"column":0},"end":{"line":6,"column":53}},"6":{"start":{"line":39,"column":0},"end":{"line":39,"column":null}},"7":{"start":{"line":39,"column":13},"end":{"line":39,"column":null}},"8":{"start":{"line":18,"column":54},"end":{"line":34,"column":null}},"9":{"start":{"line":19,"column":25},"end":{"line":19,"column":62}},"10":{"start":{"line":20,"column":4},"end":{"line":33,"column":6}},"11":{"start":{"line":39,"column":13},"end":{"line":39,"column":22}},"12":{"start":{"line":40,"column":0},"end":{"line":40,"column":25}}},"fnMap":{"0":{"name":"(anonymous_8)","decl":{"start":{"line":18,"column":15},"end":{"line":18,"column":22}},"loc":{"start":{"line":18,"column":54},"end":{"line":34,"column":null}}},"1":{"name":"(anonymous_9)","decl":{"start":{"line":18,"column":54},"end":{"line":18,"column":null}},"loc":{"start":{"line":18,"column":54},"end":{"line":34,"column":4}}}},"branchMap":{"0":{"loc":{"start":{"line":23,"column":26},"end":{"line":23,"column":55}},"type":"cond-expr","locations":[{"start":{"line":23,"column":26},"end":{"line":23,"column":55}},{"start":{"line":23,"column":58},"end":{"line":23,"column":62}}]}},"s":{"0":0,"1":0,"2":0,"3":0,"4":0,"5":0,"6":0,"7":0,"8":0,"9":0,"10":0,"11":0,"12":0},"f":{"0":0,"1":0},"b":{"0":[0,0]}}
,"/Users/sam/Desktop/webd/nest/task-management/src/config.schema.ts": {"path":"/Users/sam/Desktop/webd/nest/task-management/src/config.schema.ts","statementMap":{"0":{"start":{"line":1,"column":0},"end":{"line":1,"column":33}},"1":{"start":{"line":3,"column":0},"end":{"line":13,"column":3}}},"fnMap":{},"branchMap":{},"s":{"0":0,"1":0},"f":{},"b":{}}
,"/Users/sam/Desktop/webd/nest/task-management/src/main.ts": {"path":"/Users/sam/Desktop/webd/nest/task-management/src/main.ts","statementMap":{"0":{"start":{"line":1,"column":0},"end":{"line":1,"column":56}},"1":{"start":{"line":2,"column":0},"end":{"line":2,"column":43}},"2":{"start":{"line":3,"column":0},"end":{"line":3,"column":41}},"3":{"start":{"line":4,"column":0},"end":{"line":4,"column":63}},"4":{"start":{"line":7,"column":16},"end":{"line":7,"column":28}},"5":{"start":{"line":8,"column":14},"end":{"line":8,"column":30}},"6":{"start":{"line":9,"column":13},"end":{"line":9,"column":48}},"7":{"start":{"line":10,"column":1},"end":{"line":10,"column":18}},"8":{"start":{"line":11,"column":1},"end":{"line":11,"column":42}},"9":{"start":{"line":12,"column":1},"end":{"line":12,"column":55}},"10":{"start":{"line":13,"column":1},"end":{"line":13,"column":24}},"11":{"start":{"line":14,"column":1},"end":{"line":14,"column":44}},"12":{"start":{"line":16,"column":0},"end":{"line":16,"column":12}}},"fnMap":{"0":{"name":"bootstrap","decl":{"start":{"line":6,"column":15},"end":{"line":6,"column":24}},"loc":{"start":{"line":6,"column":24},"end":{"line":15,"column":null}}}},"branchMap":{},"s":{"0":0,"1":0,"2":0,"3":0,"4":0,"5":0,"6":0,"7":0,"8":0,"9":0,"10":0,"11":0,"12":0},"f":{"0":0},"b":{}}
,"/Users/sam/Desktop/webd/nest/task-management/src/transform.interceptor.ts": {"path":"/Users/sam/Desktop/webd/nest/task-management/src/transform.interceptor.ts","statementMap":{"0":{"start":{"line":1,"column":0},"end":{"line":1,"column":null}},"1":{"start":{"line":7,"column":0},"end":{"line":7,"column":49}},"2":{"start":{"line":8,"column":0},"end":{"line":8,"column":37}},"3":{"start":{"line":11,"column":0},"end":{"line":15,"column":null}},"4":{"start":{"line":13,"column":2},"end":{"line":13,"column":63}},"5":{"start":{"line":13,"column":42},"end":{"line":13,"column":60}},"6":{"start":{"line":11,"column":13},"end":{"line":15,"column":null}},"7":{"start":{"line":11,"column":13},"end":{"line":11,"column":33}}},"fnMap":{"0":{"name":"(anonymous_1)","decl":{"start":{"line":12,"column":1},"end":{"line":12,"column":10}},"loc":{"start":{"line":12,"column":61},"end":{"line":14,"column":2}}},"1":{"name":"(anonymous_2)","decl":{"start":{"line":13,"column":32},"end":{"line":13,"column":33}},"loc":{"start":{"line":13,"column":42},"end":{"line":13,"column":60}}}},"branchMap":{},"s":{"0":0,"1":0,"2":0,"3":0,"4":0,"5":0,"6":0,"7":0},"f":{"0":0,"1":0},"b":{}}
,"/Users/sam/Desktop/webd/nest/task-management/src/auth/auth.controller.ts": {"path":"/Users/sam/Desktop/webd/nest/task-management/src/auth/auth.controller.ts","statementMap":{"0":{"start":{"line":1,"column":0},"end":{"line":1,"column":56}},"1":{"start":{"line":2,"column":0},"end":{"line":2,"column":45}},"2":{"start":{"line":3,"column":0},"end":{"line":3,"column":60}},"3":{"start":{"line":7,"column":0},"end":{"line":21,"column":null}},"4":{"start":{"line":8,"column":22},"end":{"line":8,"column":35}},"5":{"start":{"line":13,"column":2},"end":{"line":13,"column":53}},"6":{"start":{"line":19,"column":2},"end":{"line":19,"column":53}},"7":{"start":{"line":10,"column":1},"end":{"line":14,"column":null}},"8":{"start":{"line":16,"column":1},"end":{"line":20,"column":null}},"9":{"start":{"line":7,"column":13},"end":{"line":21,"column":null}},"10":{"start":{"line":7,"column":13},"end":{"line":7,"column":27}}},"fnMap":{"0":{"name":"(anonymous_4)","decl":{"start":{"line":8,"column":1},"end":{"line":8,"column":22}},"loc":{"start":{"line":8,"column":46},"end":{"line":8,"column":50}}},"1":{"name":"(anonymous_5)","decl":{"start":{"line":10,"column":1},"end":{"line":10,"column":7}},"loc":{"start":{"line":11,"column":48},"end":{"line":14,"column":2}}},"2":{"name":"(anonymous_6)","decl":{"start":{"line":16,"column":1},"end":{"line":16,"column":7}},"loc":{"start":{"line":17,"column":48},"end":{"line":20,"column":2}}}},"branchMap":{},"s":{"0":0,"1":0,"2":0,"3":0,"4":0,"5":0,"6":0,"7":0,"8":0,"9":0,"10":0},"f":{"0":0,"1":0,"2":0},"b":{}}
,"/Users/sam/Desktop/webd/nest/task-management/src/auth/auth.module.ts": {"path":"/Users/sam/Desktop/webd/nest/task-management/src/auth/auth.module.ts","statementMap":{"0":{"start":{"line":1,"column":0},"end":{"line":1,"column":40}},"1":{"start":{"line":2,"column":0},"end":{"line":2,"column":61}},"2":{"start":{"line":3,"column":0},"end":{"line":3,"column":40}},"3":{"start":{"line":4,"column":0},"end":{"line":4,"column":50}},"4":{"start":{"line":5,"column":0},"end":{"line":5,"column":48}},"5":{"start":{"line":6,"column":0},"end":{"line":6,"column":51}},"6":{"start":{"line":7,"column":0},"end":{"line":7,"column":45}},"7":{"start":{"line":8,"column":0},"end":{"line":8,"column":41}},"8":{"start":{"line":9,"column":0},"end":{"line":9,"column":48}},"9":{"start":{"line":32,"column":0},"end":{"line":32,"column":null}},"10":{"start":{"line":32,"column":13},"end":{"line":32,"column":null}},"11":{"start":{"line":19,"column":54},"end":{"line":26,"column":4}},"12":{"start":{"line":20,"column":3},"end":{"line":25,"column":null}},"13":{"start":{"line":32,"column":13},"end":{"line":32,"column":23}}},"fnMap":{"0":{"name":"(anonymous_8)","decl":{"start":{"line":19,"column":15},"end":{"line":19,"column":22}},"loc":{"start":{"line":19,"column":54},"end":{"line":26,"column":4}}},"1":{"name":"(anonymous_9)","decl":{"start":{"line":19,"column":54},"end":{"line":19,"column":null}},"loc":{"start":{"line":19,"column":54},"end":{"line":26,"column":3}}}},"branchMap":{},"s":{"0":0,"1":0,"2":0,"3":0,"4":0,"5":0,"6":0,"7":0,"8":0,"9":0,"10":0,"11":0,"12":0,"13":0},"f":{"0":0,"1":0},"b":{}}
,"/Users/sam/Desktop/webd/nest/task-management/src/auth/auth.service.ts": {"path":"/Users/sam/Desktop/webd/nest/task-management/src/auth/auth.service.ts","statementMap":{"0":{"start":{"line":1,"column":0},"end":{"line":1,"column":67}},"1":{"start":{"line":2,"column":0},"end":{"line":2,"column":51}},"2":{"start":{"line":3,"column":0},"end":{"line":3,"column":49}},"3":{"start":{"line":5,"column":0},"end":{"line":5,"column":33}},"4":{"start":{"line":6,"column":0},"end":{"line":6,"column":41}},"5":{"start":{"line":11,"column":0},"end":{"line":39,"column":null}},"6":{"start":{"line":14,"column":10},"end":{"line":14,"column":27}},"7":{"start":{"line":15,"column":10},"end":{"line":15,"column":22}},"8":{"start":{"line":18,"column":2},"end":{"line":18,"column":61}},"9":{"start":{"line":23,"column":22},"end":{"line":24,"column":null}},"10":{"start":{"line":26,"column":2},"end":{"line":26,"column":27}},"11":{"start":{"line":27,"column":33},"end":{"line":27,"column":44}},"12":{"start":{"line":28,"column":16},"end":{"line":30,"column":null}},"13":{"start":{"line":32,"column":2},"end":{"line":37,"column":60}},"14":{"start":{"line":33,"column":3},"end":{"line":33,"column":null}},"15":{"start":{"line":34,"column":31},"end":{"line":34,"column":43}},"16":{"start":{"line":35,"column":23},"end":{"line":35,"column":58}},"17":{"start":{"line":36,"column":3},"end":{"line":36,"column":26}},"18":{"start":{"line":37,"column":9},"end":{"line":37,"column":60}},"19":{"start":{"line":11,"column":13},"end":{"line":39,"column":null}},"20":{"start":{"line":11,"column":13},"end":{"line":11,"column":24}}},"fnMap":{"0":{"name":"(anonymous_11)","decl":{"start":{"line":12,"column":1},"end":{"line":12,"column":null}},"loc":{"start":{"line":15,"column":32},"end":{"line":16,"column":5}}},"1":{"name":"(anonymous_12)","decl":{"start":{"line":17,"column":1},"end":{"line":17,"column":7}},"loc":{"start":{"line":17,"column":47},"end":{"line":19,"column":2}}},"2":{"name":"(anonymous_13)","decl":{"start":{"line":20,"column":7},"end":{"line":20,"column":13}},"loc":{"start":{"line":21,"column":40},"end":{"line":38,"column":null}}}},"branchMap":{"0":{"loc":{"start":{"line":32,"column":2},"end":{"line":37,"column":60}},"type":"if","locations":[{"start":{"line":32,"column":2},"end":{"line":37,"column":60}},{"start":{"line":32,"column":2},"end":{"line":37,"column":60}}]}},"s":{"0":0,"1":0,"2":0,"3":0,"4":0,"5":0,"6":0,"7":0,"8":0,"9":0,"10":0,"11":0,"12":0,"13":0,"14":0,"15":0,"16":0,"17":0,"18":0,"19":0,"20":0},"f":{"0":0,"1":0,"2":0},"b":{"0":[0,0]}}
,"/Users/sam/Desktop/webd/nest/task-management/src/auth/getUser.decorator.ts": {"path":"/Users/sam/Desktop/webd/nest/task-management/src/auth/getUser.decorator.ts","statementMap":{"0":{"start":{"line":1,"column":0},"end":{"line":1,"column":null}},"1":{"start":{"line":6,"column":16},"end":{"line":10,"column":null}},"2":{"start":{"line":8,"column":18},"end":{"line":8,"column":53}},"3":{"start":{"line":9,"column":2},"end":{"line":9,"column":22}},"4":{"start":{"line":12,"column":0},"end":{"line":12,"column":23}}},"fnMap":{"0":{"name":"(anonymous_0)","decl":{"start":{"line":7,"column":1},"end":{"line":7,"column":2}},"loc":{"start":{"line":7,"column":38},"end":{"line":10,"column":2}}}},"branchMap":{},"s":{"0":0,"1":0,"2":0,"3":0,"4":0},"f":{"0":0},"b":{}}
,"/Users/sam/Desktop/webd/nest/task-management/src/auth/jwt.strategy.ts": {"path":"/Users/sam/Desktop/webd/nest/task-management/src/auth/jwt.strategy.ts","statementMap":{"0":{"start":{"line":1,"column":0},"end":{"line":1,"column":67}},"1":{"start":{"line":2,"column":0},"end":{"line":2,"column":47}},"2":{"start":{"line":3,"column":0},"end":{"line":3,"column":52}},"3":{"start":{"line":4,"column":0},"end":{"line":4,"column":51}},"4":{"start":{"line":5,"column":0},"end":{"line":5,"column":52}},"5":{"start":{"line":8,"column":0},"end":{"line":8,"column":49}},"6":{"start":{"line":11,"column":0},"end":{"line":29,"column":null}},"7":{"start":{"line":17,"column":2},"end":{"line":20,"column":5}},"8":{"start":{"line":14,"column":10},"end":{"line":14,"column":27}},"9":{"start":{"line":15,"column":10},"end":{"line":15,"column":25}},"10":{"start":{"line":24,"column":23},"end":{"line":24,"column":33}},"11":{"start":{"line":25,"column":21},"end":{"line":25,"column":67}},"12":{"start":{"line":26,"column":2},"end":{"line":27,"column":41}},"13":{"start":{"line":26,"column":12},"end":{"line":26,"column":24}},"14":{"start":{"line":27,"column":7},"end":{"line":27,"column":41}},"15":{"start":{"line":11,"column":21},"end":{"line":29,"column":null}},"16":{"start":{"line":11,"column":21},"end":{"line":11,"column":33}}},"fnMap":{"0":{"name":"(anonymous_11)","decl":{"start":{"line":12,"column":1},"end":{"line":12,"column":null}},"loc":{"start":{"line":15,"column":38},"end":{"line":21,"column":2}}},"1":{"name":"(anonymous_12)","decl":{"start":{"line":23,"column":7},"end":{"line":23,"column":15}},"loc":{"start":{"line":23,"column":39},"end":{"line":28,"column":null}}}},"branchMap":{"0":{"loc":{"start":{"line":26,"column":2},"end":{"line":27,"column":41}},"type":"if","locations":[{"start":{"line":26,"column":2},"end":{"line":27,"column":41}},{"start":{"line":26,"column":2},"end":{"line":27,"column":41}}]}},"s":{"0":0,"1":0,"2":0,"3":0,"4":0,"5":0,"6":0,"7":0,"8":0,"9":0,"10":0,"11":0,"12":0,"13":0,"14":0,"15":0,"16":0},"f":{"0":0,"1":0},"b":{"0":[0,0]}}
,"/Users/sam/Desktop/webd/nest/task-management/src/auth/user.entity.ts": {"path":"/Users/sam/Desktop/webd/nest/task-management/src/auth/user.entity.ts","statementMap":{"0":{"start":{"line":1,"column":0},"end":{"line":1,"column":76}},"1":{"start":{"line":2,"column":0},"end":{"line":2,"column":39}},"2":{"start":{"line":5,"column":0},"end":{"line":14,"column":null}},"3":{"start":{"line":6,"column":33},"end":{"line":6,"column":null}},"4":{"start":{"line":8,"column":25},"end":{"line":8,"column":null}},"5":{"start":{"line":10,"column":11},"end":{"line":10,"column":null}},"6":{"start":{"line":13,"column":2},"end":{"line":13,"column":null}},"7":{"start":{"line":12,"column":17},"end":{"line":12,"column":21}},"8":{"start":{"line":12,"column":39},"end":{"line":12,"column":48}},"9":{"start":{"line":5,"column":21},"end":{"line":14,"column":null}},"10":{"start":{"line":5,"column":21},"end":{"line":5,"column":null}}},"fnMap":{"0":{"name":"(anonymous_2)","decl":{"start":{"line":12,"column":13},"end":{"line":12,"column":15}},"loc":{"start":{"line":12,"column":17},"end":{"line":12,"column":21}}},"1":{"name":"(anonymous_3)","decl":{"start":{"line":12,"column":24},"end":{"line":12,"column":25}},"loc":{"start":{"line":12,"column":39},"end":{"line":12,"column":48}}}},"branchMap":{},"s":{"0":1,"1":1,"2":1,"3":1,"4":1,"5":1,"6":1,"7":0,"8":0,"9":1,"10":1},"f":{"0":0,"1":0},"b":{}}
,"/Users/sam/Desktop/webd/nest/task-management/src/auth/users.repository.ts": {"path":"/Users/sam/Desktop/webd/nest/task-management/src/auth/users.repository.ts","statementMap":{"0":{"start":{"line":1,"column":0},"end":{"line":1,"column":55}},"1":{"start":{"line":2,"column":0},"end":{"line":2,"column":33}},"2":{"start":{"line":4,"column":0},"end":{"line":4,"column":null}},"3":{"start":{"line":9,"column":0},"end":{"line":9,"column":33}},"4":{"start":{"line":12,"column":0},"end":{"line":37,"column":null}},"5":{"start":{"line":14,"column":33},"end":{"line":14,"column":51}},"6":{"start":{"line":15,"column":15},"end":{"line":15,"column":37}},"7":{"start":{"line":16,"column":25},"end":{"line":16,"column":58}},"8":{"start":{"line":17,"column":18},"end":{"line":20,"column":4}},"9":{"start":{"line":21,"column":2},"end":{"line":29,"column":null}},"10":{"start":{"line":22,"column":3},"end":{"line":22,"column":28}},"11":{"start":{"line":24,"column":3},"end":{"line":28,"column":49}},"12":{"start":{"line":25,"column":4},"end":{"line":27,"column":6}},"13":{"start":{"line":28,"column":8},"end":{"line":28,"column":49}},"14":{"start":{"line":32,"column":22},"end":{"line":32,"column":40}},"15":{"start":{"line":33,"column":17},"end":{"line":33,"column":48}},"16":{"start":{"line":34,"column":4},"end":{"line":35,"column":64}},"17":{"start":{"line":34,"column":13},"end":{"line":34,"column":null}},"18":{"start":{"line":35,"column":9},"end":{"line":35,"column":64}},"19":{"start":{"line":12,"column":21},"end":{"line":37,"column":null}},"20":{"start":{"line":12,"column":21},"end":{"line":12,"column":36}}},"fnMap":{"0":{"name":"(anonymous_8)","decl":{"start":{"line":13,"column":7},"end":{"line":13,"column":17}},"loc":{"start":{"line":13,"column":57},"end":{"line":30,"column":null}}},"1":{"name":"(anonymous_10)","decl":{"start":{"line":31,"column":8},"end":{"line":31,"column":16}},"loc":{"start":{"line":31,"column":55},"end":{"line":36,"column":null}}}},"branchMap":{"0":{"loc":{"start":{"line":24,"column":3},"end":{"line":28,"column":49}},"type":"if","locations":[{"start":{"line":24,"column":3},"end":{"line":28,"column":49}},{"start":{"line":24,"column":3},"end":{"line":28,"column":49}}]},"1":{"loc":{"start":{"line":34,"column":4},"end":{"line":35,"column":64}},"type":"if","locations":[{"start":{"line":34,"column":4},"end":{"line":35,"column":64}},{"start":{"line":34,"column":4},"end":{"line":35,"column":64}}]}},"s":{"0":0,"1":0,"2":0,"3":0,"4":0,"5":0,"6":0,"7":0,"8":0,"9":0,"10":0,"11":0,"12":0,"13":0,"14":0,"15":0,"16":0,"17":0,"18":0,"19":0,"20":0},"f":{"0":0,"1":0},"b":{"0":[0,0],"1":[0,0]}}
,"/Users/sam/Desktop/webd/nest/task-management/src/auth/dto/auth-credentials.dto.ts": {"path":"/Users/sam/Desktop/webd/nest/task-management/src/auth/dto/auth-credentials.dto.ts","statementMap":{"0":{"start":{"line":1,"column":0},"end":{"line":1,"column":null}},"1":{"start":{"line":12,"column":1},"end":{"line":12,"column":null}},"2":{"start":{"line":18,"column":1},"end":{"line":18,"column":null}},"3":{"start":{"line":8,"column":0},"end":{"line":8,"column":21}}},"fnMap":{},"branchMap":{},"s":{"0":0,"1":0,"2":0,"3":0},"f":{},"b":{}}
,"/Users/sam/Desktop/webd/nest/task-management/src/tasks/task-status.enum.ts": {"path":"/Users/sam/Desktop/webd/nest/task-management/src/tasks/task-status.enum.ts","statementMap":{"0":{"start":{"line":1,"column":0},"end":{"line":1,"column":null}},"1":{"start":{"line":2,"column":1},"end":{"line":2,"column":null}},"2":{"start":{"line":3,"column":1},"end":{"line":3,"column":null}},"3":{"start":{"line":4,"column":1},"end":{"line":4,"column":null}}},"fnMap":{"0":{"name":"(anonymous_0)","decl":{"start":{"line":1,"column":0},"end":{"line":1,"column":12}},"loc":{"start":{"line":1,"column":22},"end":{"line":5,"column":1}}}},"branchMap":{"0":{"loc":{"start":{"line":1,"column":12},"end":{"line":1,"column":22}},"type":"binary-expr","locations":[{"start":{"line":1,"column":12},"end":{"line":1,"column":22}},{"start":{"line":1,"column":12},"end":{"line":1,"column":null}}]}},"s":{"0":1,"1":1,"2":1,"3":1},"f":{"0":1},"b":{"0":[1,1]}}
,"/Users/sam/Desktop/webd/nest/task-management/src/tasks/task.entity.ts": {"path":"/Users/sam/Desktop/webd/nest/task-management/src/tasks/task.entity.ts","statementMap":{"0":{"start":{"line":1,"column":0},"end":{"line":1,"column":44}},"1":{"start":{"line":2,"column":0},"end":{"line":2,"column":39}},"2":{"start":{"line":3,"column":0},"end":{"line":3,"column":null}},"3":{"start":{"line":9,"column":0},"end":{"line":9,"column":48}},"4":{"start":{"line":12,"column":0},"end":{"line":24,"column":null}},"5":{"start":{"line":13,"column":33},"end":{"line":13,"column":null}},"6":{"start":{"line":15,"column":11},"end":{"line":15,"column":null}},"7":{"start":{"line":17,"column":11},"end":{"line":17,"column":null}},"8":{"start":{"line":19,"column":11},"end":{"line":19,"column":null}},"9":{"start":{"line":23,"column":1},"end":{"line":23,"column":null}},"10":{"start":{"line":21,"column":18},"end":{"line":21,"column":22}},"11":{"start":{"line":21,"column":40},"end":{"line":21,"column":50}},"12":{"start":{"line":12,"column":21},"end":{"line":24,"column":null}},"13":{"start":{"line":12,"column":21},"end":{"line":12,"column":null}}},"fnMap":{"0":{"name":"(anonymous_2)","decl":{"start":{"line":21,"column":12},"end":{"line":21,"column":15}},"loc":{"start":{"line":21,"column":18},"end":{"line":21,"column":22}}},"1":{"name":"(anonymous_3)","decl":{"start":{"line":21,"column":24},"end":{"line":21,"column":25}},"loc":{"start":{"line":21,"column":40},"end":{"line":21,"column":50}}}},"branchMap":{},"s":{"0":1,"1":1,"2":1,"3":1,"4":1,"5":1,"6":1,"7":1,"8":1,"9":1,"10":0,"11":0,"12":1,"13":1},"f":{"0":0,"1":0},"b":{}}
,"/Users/sam/Desktop/webd/nest/task-management/src/tasks/tasks.controller.ts": {"path":"/Users/sam/Desktop/webd/nest/task-management/src/tasks/tasks.controller.ts","statementMap":{"0":{"start":{"line":1,"column":0},"end":{"line":1,"column":null}},"1":{"start":{"line":13,"column":0},"end":{"line":13,"column":44}},"2":{"start":{"line":14,"column":0},"end":{"line":14,"column":50}},"3":{"start":{"line":15,"column":0},"end":{"line":15,"column":59}},"4":{"start":{"line":16,"column":0},"end":{"line":16,"column":41}},"5":{"start":{"line":18,"column":0},"end":{"line":18,"column":45}},"6":{"start":{"line":19,"column":0},"end":{"line":19,"column":48}},"7":{"start":{"line":20,"column":0},"end":{"line":20,"column":39}},"8":{"start":{"line":24,"column":0},"end":{"line":75,"column":null}},"9":{"start":{"line":26,"column":22},"end":{"line":26,"column":36}},"10":{"start":{"line":25,"column":9},"end":{"line":25,"column":48}},"11":{"start":{"line":32,"column":2},"end":{"line":34,"column":4}},"12":{"start":{"line":35,"column":2},"end":{"line":35,"column":53}},"13":{"start":{"line":43,"column":2},"end":{"line":43,"column":59}},"14":{"start":{"line":52,"column":2},"end":{"line":52,"column":49}},"15":{"start":{"line":60,"column":2},"end":{"line":60,"column":48}},"16":{"start":{"line":69,"column":2},"end":{"line":73,"column":4}},"17":{"start":{"line":28,"column":1},"end":{"line":36,"column":null}},"18":{"start":{"line":39,"column":1},"end":{"line":44,"column":null}},"19":{"start":{"line":48,"column":1},"end":{"line":53,"column":null}},"20":{"start":{"line":56,"column":1},"end":{"line":61,"column":null}},"21":{"start":{"line":64,"column":1},"end":{"line":74,"column":null}},"22":{"start":{"line":24,"column":21},"end":{"line":75,"column":null}},"23":{"start":{"line":24,"column":21},"end":{"line":24,"column":null}}},"fnMap":{"0":{"name":"(anonymous_4)","decl":{"start":{"line":26,"column":1},"end":{"line":26,"column":22}},"loc":{"start":{"line":26,"column":48},"end":{"line":26,"column":52}}},"1":{"name":"(anonymous_5)","decl":{"start":{"line":28,"column":1},"end":{"line":28,"column":9}},"loc":{"start":{"line":30,"column":23},"end":{"line":36,"column":2}}},"2":{"name":"(anonymous_6)","decl":{"start":{"line":39,"column":1},"end":{"line":39,"column":11}},"loc":{"start":{"line":41,"column":23},"end":{"line":44,"column":2}}},"3":{"name":"(anonymous_7)","decl":{"start":{"line":48,"column":1},"end":{"line":48,"column":12}},"loc":{"start":{"line":50,"column":23},"end":{"line":53,"column":2}}},"4":{"name":"(anonymous_8)","decl":{"start":{"line":56,"column":1},"end":{"line":56,"column":11}},"loc":{"start":{"line":58,"column":23},"end":{"line":61,"column":2}}},"5":{"name":"(anonymous_9)","decl":{"start":{"line":64,"column":1},"end":{"line":64,"column":17}},"loc":{"start":{"line":67,"column":23},"end":{"line":74,"column":2}}}},"branchMap":{},"s":{"0":0,"1":0,"2":0,"3":0,"4":0,"5":0,"6":0,"7":0,"8":0,"9":0,"10":0,"11":0,"12":0,"13":0,"14":0,"15":0,"16":0,"17":0,"18":0,"19":0,"20":0,"21":0,"22":0,"23":0},"f":{"0":0,"1":0,"2":0,"3":0,"4":0,"5":0},"b":{}}
,"/Users/sam/Desktop/webd/nest/task-management/src/tasks/tasks.module.ts": {"path":"/Users/sam/Desktop/webd/nest/task-management/src/tasks/tasks.module.ts","statementMap":{"0":{"start":{"line":1,"column":0},"end":{"line":1,"column":40}},"1":{"start":{"line":2,"column":0},"end":{"line":2,"column":48}},"2":{"start":{"line":3,"column":0},"end":{"line":3,"column":49}},"3":{"start":{"line":4,"column":0},"end":{"line":4,"column":49}},"4":{"start":{"line":5,"column":0},"end":{"line":5,"column":46}},"5":{"start":{"line":6,"column":0},"end":{"line":6,"column":49}},"6":{"start":{"line":7,"column":0},"end":{"line":7,"column":45}},"7":{"start":{"line":14,"column":0},"end":{"line":14,"column":null}},"8":{"start":{"line":14,"column":13},"end":{"line":14,"column":null}},"9":{"start":{"line":14,"column":13},"end":{"line":14,"column":24}}},"fnMap":{},"branchMap":{},"s":{"0":0,"1":0,"2":0,"3":0,"4":0,"5":0,"6":0,"7":0,"8":0,"9":0},"f":{},"b":{}}
,"/Users/sam/Desktop/webd/nest/task-management/src/tasks/tasks.repository.ts": {"path":"/Users/sam/Desktop/webd/nest/task-management/src/tasks/tasks.repository.ts","statementMap":{"0":{"start":{"line":4,"column":0},"end":{"line":4,"column":33}},"1":{"start":{"line":5,"column":0},"end":{"line":5,"column":70}},"2":{"start":{"line":6,"column":0},"end":{"line":6,"column":55}},"3":{"start":{"line":7,"column":0},"end":{"line":7,"column":48}},"4":{"start":{"line":10,"column":0},"end":{"line":49,"column":null}},"5":{"start":{"line":11,"column":1},"end":{"line":11,"column":39}},"6":{"start":{"line":17,"column":16},"end":{"line":17,"column":47}},"7":{"start":{"line":18,"column":33},"end":{"line":18,"column":50}},"8":{"start":{"line":19,"column":2},"end":{"line":19,"column":24}},"9":{"start":{"line":20,"column":2},"end":{"line":20,"column":66}},"10":{"start":{"line":20,"column":14},"end":{"line":20,"column":66}},"11":{"start":{"line":21,"column":2},"end":{"line":25,"column":5}},"12":{"start":{"line":22,"column":3},"end":{"line":25,"column":5}},"13":{"start":{"line":26,"column":2},"end":{"line":32,"column":null}},"14":{"start":{"line":27,"column":17},"end":{"line":27,"column":38}},"15":{"start":{"line":28,"column":3},"end":{"line":28,"column":16}},"16":{"start":{"line":30,"column":3},"end":{"line":30,"column":45}},"17":{"start":{"line":31,"column":3},"end":{"line":31,"column":44}},"18":{"start":{"line":39,"column":33},"end":{"line":39,"column":46}},"19":{"start":{"line":40,"column":18},"end":{"line":45,"column":4}},"20":{"start":{"line":46,"column":2},"end":{"line":46,"column":27}},"21":{"start":{"line":47,"column":2},"end":{"line":47,"column":17}},"22":{"start":{"line":10,"column":21},"end":{"line":49,"column":null}},"23":{"start":{"line":10,"column":21},"end":{"line":10,"column":37}}},"fnMap":{"0":{"name":"(anonymous_8)","decl":{"start":{"line":10,"column":0},"end":{"line":10,"column":21}},"loc":{"start":{"line":10,"column":0},"end":{"line":49,"column":1}}},"1":{"name":"(anonymous_9)","decl":{"start":{"line":13,"column":7},"end":{"line":13,"column":15}},"loc":{"start":{"line":15,"column":12},"end":{"line":33,"column":null}}},"2":{"name":"(anonymous_11)","decl":{"start":{"line":35,"column":7},"end":{"line":35,"column":17}},"loc":{"start":{"line":37,"column":12},"end":{"line":48,"column":null}}}},"branchMap":{"0":{"loc":{"start":{"line":20,"column":2},"end":{"line":20,"column":66}},"type":"if","locations":[{"start":{"line":20,"column":2},"end":{"line":20,"column":66}},{"start":{"line":20,"column":2},"end":{"line":20,"column":66}}]},"1":{"loc":{"start":{"line":21,"column":2},"end":{"line":25,"column":5}},"type":"if","locations":[{"start":{"line":21,"column":2},"end":{"line":25,"column":5}},{"start":{"line":21,"column":2},"end":{"line":25,"column":5}}]}},"s":{"0":1,"1":1,"2":1,"3":1,"4":1,"5":0,"6":0,"7":0,"8":0,"9":0,"10":0,"11":0,"12":0,"13":0,"14":0,"15":0,"16":0,"17":0,"18":0,"19":0,"20":0,"21":0,"22":1,"23":1},"f":{"0":0,"1":0,"2":0},"b":{"0":[0,0],"1":[0,0]}}
,"/Users/sam/Desktop/webd/nest/task-management/src/tasks/tasks.service.ts": {"path":"/Users/sam/Desktop/webd/nest/task-management/src/tasks/tasks.service.ts","statementMap":{"0":{"start":{"line":1,"column":0},"end":{"line":1,"column":26}},"1":{"start":{"line":2,"column":0},"end":{"line":2,"column":63}},"2":{"start":{"line":3,"column":0},"end":{"line":3,"column":51}},"3":{"start":{"line":7,"column":0},"end":{"line":7,"column":49}},"4":{"start":{"line":12,"column":0},"end":{"line":54,"column":null}},"5":{"start":{"line":15,"column":10},"end":{"line":15,"column":27}},"6":{"start":{"line":21,"column":2},"end":{"line":21,"column":64}},"7":{"start":{"line":27,"column":2},"end":{"line":27,"column":62}},"8":{"start":{"line":30,"column":15},"end":{"line":32,"column":4}},"9":{"start":{"line":33,"column":2},"end":{"line":34,"column":67}},"10":{"start":{"line":33,"column":12},"end":{"line":33,"column":24}},"11":{"start":{"line":34,"column":7},"end":{"line":34,"column":67}},"12":{"start":{"line":37,"column":23},"end":{"line":40,"column":4}},"13":{"start":{"line":41,"column":2},"end":{"line":42,"column":63}},"14":{"start":{"line":42,"column":3},"end":{"line":42,"column":63}},"15":{"start":{"line":49,"column":19},"end":{"line":49,"column":51}},"16":{"start":{"line":50,"column":2},"end":{"line":50,"column":27}},"17":{"start":{"line":51,"column":2},"end":{"line":51,"column":52}},"18":{"start":{"line":52,"column":2},"end":{"line":52,"column":18}},"19":{"start":{"line":12,"column":21},"end":{"line":54,"column":null}},"20":{"start":{"line":12,"column":21},"end":{"line":12,"column":null}}},"fnMap":{"0":{"name":"(anonymous_11)","decl":{"start":{"line":13,"column":1},"end":{"line":13,"column":null}},"loc":{"start":{"line":15,"column":42},"end":{"line":16,"column":5}}},"1":{"name":"(anonymous_12)","decl":{"start":{"line":17,"column":1},"end":{"line":17,"column":9}},"loc":{"start":{"line":19,"column":12},"end":{"line":22,"column":2}}},"2":{"name":"(anonymous_13)","decl":{"start":{"line":23,"column":1},"end":{"line":23,"column":11}},"loc":{"start":{"line":25,"column":12},"end":{"line":28,"column":2}}},"3":{"name":"(anonymous_14)","decl":{"start":{"line":29,"column":7},"end":{"line":29,"column":18}},"loc":{"start":{"line":29,"column":42},"end":{"line":35,"column":null}}},"4":{"name":"(anonymous_16)","decl":{"start":{"line":36,"column":7},"end":{"line":36,"column":17}},"loc":{"start":{"line":36,"column":41},"end":{"line":43,"column":null}}},"5":{"name":"(anonymous_18)","decl":{"start":{"line":44,"column":7},"end":{"line":44,"column":23}},"loc":{"start":{"line":47,"column":12},"end":{"line":53,"column":null}}}},"branchMap":{"0":{"loc":{"start":{"line":33,"column":2},"end":{"line":34,"column":67}},"type":"if","locations":[{"start":{"line":33,"column":2},"end":{"line":34,"column":67}},{"start":{"line":33,"column":2},"end":{"line":34,"column":67}}]},"1":{"loc":{"start":{"line":41,"column":2},"end":{"line":42,"column":63}},"type":"if","locations":[{"start":{"line":41,"column":2},"end":{"line":42,"column":63}},{"start":{"line":41,"column":2},"end":{"line":42,"column":63}}]}},"s":{"0":1,"1":1,"2":1,"3":1,"4":1,"5":8,"6":1,"7":1,"8":4,"9":4,"10":2,"11":2,"12":2,"13":2,"14":1,"15":2,"16":1,"17":1,"18":1,"19":1,"20":1},"f":{"0":8,"1":1,"2":1,"3":4,"4":2,"5":2},"b":{"0":[2,2],"1":[1,1]}}
,"/Users/sam/Desktop/webd/nest/task-management/src/tasks/dto/create-task.dto.ts": {"path":"/Users/sam/Desktop/webd/nest/task-management/src/tasks/dto/create-task.dto.ts","statementMap":{"0":{"start":{"line":1,"column":0},"end":{"line":1,"column":45}},"1":{"start":{"line":3,"column":15},"end":{"line":3,"column":null}},"2":{"start":{"line":4,"column":15},"end":{"line":4,"column":null}},"3":{"start":{"line":2,"column":0},"end":{"line":2,"column":21}}},"fnMap":{},"branchMap":{},"s":{"0":0,"1":0,"2":0,"3":0},"f":{},"b":{}}
,"/Users/sam/Desktop/webd/nest/task-management/src/tasks/dto/get-tasks-filter.dto.ts": {"path":"/Users/sam/Desktop/webd/nest/task-management/src/tasks/dto/get-tasks-filter.dto.ts","statementMap":{"0":{"start":{"line":1,"column":0},"end":{"line":1,"column":49}},"1":{"start":{"line":2,"column":0},"end":{"line":2,"column":63}},"2":{"start":{"line":6,"column":1},"end":{"line":6,"column":null}},"3":{"start":{"line":9,"column":1},"end":{"line":9,"column":null}},"4":{"start":{"line":3,"column":0},"end":{"line":3,"column":21}}},"fnMap":{},"branchMap":{},"s":{"0":0,"1":0,"2":0,"3":0,"4":0},"f":{},"b":{}}
,"/Users/sam/Desktop/webd/nest/task-management/src/tasks/dto/status.dto.ts": {"path":"/Users/sam/Desktop/webd/nest/task-management/src/tasks/dto/status.dto.ts","statementMap":{"0":{"start":{"line":1,"column":0},"end":{"line":1,"column":49}},"1":{"start":{"line":2,"column":0},"end":{"line":2,"column":41}},"2":{"start":{"line":4,"column":21},"end":{"line":4,"column":null}},"3":{"start":{"line":3,"column":0},"end":{"line":3,"column":21}}},"fnMap":{},"branchMap":{},"s":{"0":0,"1":0,"2":0,"3":0},"f":{},"b":{}}
}
